/home/202311016/.conda/envs/saif/lib/python3.12/site-packages/tvm_ffi/_optional_torch_c_dlpack.py:181: UserWarning: Failed to JIT torch c dlpack extension, EnvTensorAllocator will not be enabled.
We recommend installing via `pip install torch-c-dlpack-ext`
  warnings.warn(
========================================================================
  sd-ragged  ·  Micro Benchmark  ·  FlashInfer / DeFT / Cascade vs Ragged
========================================================================
  GPU:      NVIDIA RTX 4000 Ada Generation  SM 8.9  19 GB  peak BW 288 GB/s
  Dims:     H=32, D=128  (fp16)
  Grid:     N_branches(BS)∈[4, 8, 16, 32]  b∈[6, 10, 16, 24]  d∈[4, 7, 12, 20]  N_cap=none
  context_len:  L∈[0, 1024, 4096]  (shared prefix; cascade enabled when L>0)
  N range:  b=6,d=4→30/d=20→103  b=10,d=4→34/d=20→171  b=16,d=4→55/d=20→274  b=24,d=4→82/d=20→411
  Timing:   5 warmup + 20 iters (median)
  Trees:    EAGLE-like pruned (irregular branching)
  N mode:   budgeted
  Baselines: FlashInfer-tree  FlashInfer-cascade  DeFT [SKIP — third_party/FastTree not found]
========================================================================
  [  1/192]  B=  4 b=6 d= 4 d_eff= 3 L=   0 N= 30  fi_tree=   0.013ms  cascade=    n/a ms  deft=    n/a ms  ragged=   0.009ms  spd_tree=  1.45×  bw=1102.222GB/s  bw_util=382.716%
  [  2/192]  B=  4 b=6 d= 7 d_eff= 3 L=   0 N= 36  fi_tree=   0.013ms  cascade=    n/a ms  deft=    n/a ms  ragged=   0.014ms  spd_tree=  0.95×  bw=889.417GB/s  bw_util=308.825%
  [  3/192]  B=  4 b=6 d=12 d_eff= 3 L=   0 N= 62  fi_tree=   0.029ms  cascade=    n/a ms  deft=    n/a ms  ragged=   0.016ms  spd_tree=  1.75×  bw=1300.000GB/s  bw_util=451.389%
  [  4/192]  B=  4 b=6 d=20 d_eff= 4 L=   0 N=103  fi_tree=   0.038ms  cascade=    n/a ms  deft=    n/a ms  ragged=   0.029ms  spd_tree=  1.33×  bw=1459.415GB/s  bw_util=506.741%
  [  5/192]  B=  4 b=10 d= 4 d_eff= 2 L=   0 N= 34  fi_tree=   0.013ms  cascade=    n/a ms  deft=    n/a ms  ragged=   0.012ms  spd_tree=  1.11×  bw=827.915GB/s  bw_util=287.471%
  [  6/192]  B=  4 b=10 d= 7 d_eff= 3 L=   0 N= 60  fi_tree=   0.029ms  cascade=    n/a ms  deft=    n/a ms  ragged=   0.016ms  spd_tree=  1.75×  bw=1380.000GB/s  bw_util=479.167%
  [  7/192]  B=  4 b=10 d=12 d_eff= 3 L=   0 N=103  fi_tree=   0.038ms  cascade=    n/a ms  deft=    n/a ms  ragged=   0.026ms  spd_tree=  1.50×  bw=1356.800GB/s  bw_util=471.111%
  [  8/192]  B=  4 b=10 d=20 d_eff= 3 L=   0 N=171  fi_tree=   0.082ms  cascade=    n/a ms  deft=    n/a ms  ragged=   0.030ms  spd_tree=  2.76×  bw=1931.034GB/s  bw_util=670.498%
  [  9/192]  B=  4 b=16 d= 4 d_eff= 2 L=   0 N= 55  fi_tree=   0.016ms  cascade=    n/a ms  deft=    n/a ms  ragged=   0.015ms  spd_tree=  1.11×  bw=1061.598GB/s  bw_util=368.611%
  [ 10/192]  B=  4 b=16 d= 7 d_eff= 2 L=   0 N= 96  fi_tree=   0.032ms  cascade=    n/a ms  deft=    n/a ms  ragged=   0.021ms  spd_tree=  1.48×  bw=1170.286GB/s  bw_util=406.349%
  [ 11/192]  B=  4 b=16 d=12 d_eff= 3 L=   0 N=165  fi_tree=   0.080ms  cascade=    n/a ms  deft=    n/a ms  ragged=   0.028ms  spd_tree=  2.84×  bw=1921.091GB/s  bw_util=667.046%
  [ 12/192]  B=  4 b=16 d=20 d_eff= 3 L=   0 N=274  fi_tree=   0.161ms  cascade=    n/a ms  deft=    n/a ms  ragged=   0.041ms  spd_tree=  3.93×  bw=2209.957GB/s  bw_util=767.346%
  [ 13/192]  B=  4 b=24 d= 4 d_eff= 2 L=   0 N= 82  fi_tree=   0.031ms  cascade=    n/a ms  deft=    n/a ms  ragged=   0.015ms  spd_tree=  2.00×  bw=1416.533GB/s  bw_util=491.852%
  [ 14/192]  B=  4 b=24 d= 7 d_eff= 2 L=   0 N=144  fi_tree=   0.070ms  cascade=    n/a ms  deft=    n/a ms  ragged=   0.025ms  spd_tree=  2.87×  bw=1546.667GB/s  bw_util=537.037%
  [ 15/192]  B=  4 b=24 d=12 d_eff= 2 L=   0 N=247  fi_tree=   0.159ms  cascade=    n/a ms  deft=    n/a ms  ragged=   0.037ms  spd_tree=  4.26×  bw=1827.473GB/s  bw_util=634.539%
  [ 16/192]  B=  4 b=24 d=20 d_eff= 3 L=   0 N=411  fi_tree=   0.390ms  cascade=    n/a ms  deft=    n/a ms  ragged=   0.194ms  spd_tree=  2.02×  bw=716.191GB/s  bw_util=248.677%
  [ 17/192]  B=  8 b=6 d= 4 d_eff= 3 L=   0 N= 30  fi_tree=   0.019ms  cascade=    n/a ms  deft=    n/a ms  ragged=   0.015ms  spd_tree=  1.26×  bw=1326.813GB/s  bw_util=460.699%
  [ 18/192]  B=  8 b=6 d= 7 d_eff= 3 L=   0 N= 36  fi_tree=   0.019ms  cascade=    n/a ms  deft=    n/a ms  ragged=   0.021ms  spd_tree=  0.95×  bw=1213.157GB/s  bw_util=421.235%
  [ 19/192]  B=  8 b=6 d=12 d_eff= 3 L=   0 N= 62  fi_tree=   0.044ms  cascade=    n/a ms  deft=    n/a ms  ragged=   0.029ms  spd_tree=  1.54×  bw=1485.714GB/s  bw_util=515.873%
  [ 20/192]  B=  8 b=6 d=20 d_eff= 4 L=   0 N=103  fi_tree=   0.059ms  cascade=    n/a ms  deft=    n/a ms  ragged=   0.050ms  spd_tree=  1.18×  bw=1661.388GB/s  bw_util=576.871%
  [ 21/192]  B=  8 b=10 d= 4 d_eff= 2 L=   0 N= 34  fi_tree=   0.020ms  cascade=    n/a ms  deft=    n/a ms  ragged=   0.018ms  spd_tree=  1.10×  bw=1096.113GB/s  bw_util=380.595%
  [ 22/192]  B=  8 b=10 d= 7 d_eff= 3 L=   0 N= 60  fi_tree=   0.045ms  cascade=    n/a ms  deft=    n/a ms  ragged=   0.028ms  spd_tree=  1.61×  bw=1618.694GB/s  bw_util=562.047%
  [ 23/192]  B=  8 b=10 d=12 d_eff= 3 L=   0 N=103  fi_tree=   0.059ms  cascade=    n/a ms  deft=    n/a ms  ragged=   0.046ms  spd_tree=  1.29×  bw=1507.555GB/s  bw_util=523.457%
  [ 24/192]  B=  8 b=10 d=20 d_eff= 3 L=   0 N=171  fi_tree=   0.185ms  cascade=    n/a ms  deft=    n/a ms  ragged=   0.132ms  spd_tree=  1.40×  bw=867.587GB/s  bw_util=301.245%
  [ 25/192]  B=  8 b=16 d= 4 d_eff= 2 L=   0 N= 55  fi_tree=   0.026ms  cascade=    n/a ms  deft=    n/a ms  ragged=   0.023ms  spd_tree=  1.12×  bw=1380.674GB/s  bw_util=479.401%
  [ 26/192]  B=  8 b=16 d= 7 d_eff= 2 L=   0 N= 96  fi_tree=   0.049ms  cascade=    n/a ms  deft=    n/a ms  ragged=   0.039ms  spd_tree=  1.27×  bw=1300.425GB/s  bw_util=451.536%
  [ 27/192]  B=  8 b=16 d=12 d_eff= 3 L=   0 N=165  fi_tree=   0.166ms  cascade=    n/a ms  deft=    n/a ms  ragged=   0.069ms  spd_tree=  2.41×  bw=1564.444GB/s  bw_util=543.210%
  [ 28/192]  B=  8 b=16 d=20 d_eff= 3 L=   0 N=274  fi_tree=   0.351ms  cascade=    n/a ms  deft=    n/a ms  ragged=   0.228ms  spd_tree=  1.54×  bw=795.312GB/s  bw_util=276.150%
  [ 29/192]  B=  8 b=24 d= 4 d_eff= 2 L=   0 N= 82  fi_tree=   0.048ms  cascade=    n/a ms  deft=    n/a ms  ragged=   0.026ms  spd_tree=  1.86×  bw=1690.332GB/s  bw_util=586.921%
  [ 30/192]  B=  8 b=24 d= 7 d_eff= 2 L=   0 N=144  fi_tree=   0.135ms  cascade=    n/a ms  deft=    n/a ms  ragged=   0.041ms  spd_tree=  3.29×  bw=1856.000GB/s  bw_util=644.444%
  [ 31/192]  B=  8 b=24 d=12 d_eff= 2 L=   0 N=247  fi_tree=   0.340ms  cascade=    n/a ms  deft=    n/a ms  ragged=   0.214ms  spd_tree=  1.59×  bw=636.938GB/s  bw_util=221.159%
  [ 32/192]  B=  8 b=24 d=20 d_eff= 3 L=   0 N=411  fi_tree=   0.700ms  cascade=    n/a ms  deft=    n/a ms  ragged=   0.352ms  spd_tree=  1.99×  bw=786.727GB/s  bw_util=273.169%
  [ 33/192]  B= 16 b=6 d= 4 d_eff= 3 L=   0 N= 30  fi_tree=   0.032ms  cascade=    n/a ms  deft=    n/a ms  ragged=   0.022ms  spd_tree=  1.44×  bw=1803.636GB/s  bw_util=626.263%
  [ 34/192]  B= 16 b=6 d= 7 d_eff= 3 L=   0 N= 36  fi_tree=   0.034ms  cascade=    n/a ms  deft=    n/a ms  ragged=   0.039ms  spd_tree=  0.87×  bw=1282.109GB/s  bw_util=445.177%
  [ 35/192]  B= 16 b=6 d=12 d_eff= 3 L=   0 N= 62  fi_tree=   0.086ms  cascade=    n/a ms  deft=    n/a ms  ragged=   0.056ms  spd_tree=  1.52×  bw=1512.727GB/s  bw_util=525.253%
  [ 36/192]  B= 16 b=6 d=20 d_eff= 4 L=   0 N=103  fi_tree=   0.196ms  cascade=    n/a ms  deft=    n/a ms  ragged=   0.170ms  spd_tree=  1.15×  bw=980.912GB/s  bw_util=340.594%
  [ 37/192]  B= 16 b=10 d= 4 d_eff= 2 L=   0 N= 34  fi_tree=   0.036ms  cascade=    n/a ms  deft=    n/a ms  ragged=   0.033ms  spd_tree=  1.09×  bw=1210.091GB/s  bw_util=420.171%
  [ 38/192]  B= 16 b=10 d= 7 d_eff= 3 L=   0 N= 60  fi_tree=   0.087ms  cascade=    n/a ms  deft=    n/a ms  ragged=   0.053ms  spd_tree=  1.63×  bw=1694.389GB/s  bw_util=588.329%
  [ 39/192]  B= 16 b=10 d=12 d_eff= 3 L=   0 N=103  fi_tree=   0.196ms  cascade=    n/a ms  deft=    n/a ms  ragged=   0.174ms  spd_tree=  1.12×  bw=798.118GB/s  bw_util=277.124%
  [ 40/192]  B= 16 b=10 d=20 d_eff= 3 L=   0 N=171  fi_tree=   0.361ms  cascade=    n/a ms  deft=    n/a ms  ragged=   0.297ms  spd_tree=  1.22×  bw=772.414GB/s  bw_util=268.199%
  [ 41/192]  B= 16 b=16 d= 4 d_eff= 2 L=   0 N= 55  fi_tree=   0.046ms  cascade=    n/a ms  deft=    n/a ms  ragged=   0.042ms  spd_tree=  1.09×  bw=1498.537GB/s  bw_util=520.325%
  [ 42/192]  B= 16 b=16 d= 7 d_eff= 2 L=   0 N= 96  fi_tree=   0.168ms  cascade=    n/a ms  deft=    n/a ms  ragged=   0.159ms  spd_tree=  1.06×  bw=634.411GB/s  bw_util=220.282%
  [ 43/192]  B= 16 b=16 d=12 d_eff= 3 L=   0 N=165  fi_tree=   0.351ms  cascade=    n/a ms  deft=    n/a ms  ragged=   0.281ms  spd_tree=  1.25×  bw=771.111GB/s  bw_util=267.747%
  [ 44/192]  B= 16 b=16 d=20 d_eff= 3 L=   0 N=274  fi_tree=   0.689ms  cascade=    n/a ms  deft=    n/a ms  ragged=   0.471ms  spd_tree=  1.46×  bw=770.783GB/s  bw_util=267.633%
  [ 45/192]  B= 16 b=24 d= 4 d_eff= 2 L=   0 N= 82  fi_tree=   0.109ms  cascade=    n/a ms  deft=    n/a ms  ragged=   0.071ms  spd_tree=  1.53×  bw=1225.386GB/s  bw_util=425.481%
  [ 46/192]  B= 16 b=24 d= 7 d_eff= 2 L=   0 N=144  fi_tree=   0.296ms  cascade=    n/a ms  deft=    n/a ms  ragged=   0.238ms  spd_tree=  1.25×  bw=640.000GB/s  bw_util=222.222%
  [ 47/192]  B= 16 b=24 d=12 d_eff= 2 L=   0 N=247  fi_tree=   0.660ms  cascade=    n/a ms  deft=    n/a ms  ragged=   0.435ms  spd_tree=  1.52×  bw=626.885GB/s  bw_util=217.668%
  [ 48/192]  B= 16 b=24 d=20 d_eff= 3 L=   0 N=411  fi_tree=   1.397ms  cascade=    n/a ms  deft=    n/a ms  ragged=   0.721ms  spd_tree=  1.94×  bw=769.091GB/s  bw_util=267.046%
  [ 49/192]  B= 32 b=6 d= 4 d_eff= 3 L=   0 N= 30  fi_tree=   0.060ms  cascade=    n/a ms  deft=    n/a ms  ragged=   0.043ms  spd_tree=  1.41×  bw=1902.262GB/s  bw_util=660.508%
  [ 50/192]  B= 32 b=6 d= 7 d_eff= 3 L=   0 N= 36  fi_tree=   0.065ms  cascade=    n/a ms  deft=    n/a ms  ragged=   0.071ms  spd_tree=  0.91×  bw=1409.536GB/s  bw_util=489.422%
  [ 51/192]  B= 32 b=6 d=12 d_eff= 3 L=   0 N= 62  fi_tree=   0.235ms  cascade=    n/a ms  deft=    n/a ms  ragged=   0.234ms  spd_tree=  1.00×  bw=726.638GB/s  bw_util=252.305%
  [ 52/192]  B= 32 b=6 d=20 d_eff= 4 L=   0 N=103  fi_tree=   0.367ms  cascade=    n/a ms  deft=    n/a ms  ragged=   0.413ms  spd_tree=  0.89×  bw=807.582GB/s  bw_util=280.410%
  [ 53/192]  B= 32 b=10 d= 4 d_eff= 2 L=   0 N= 34  fi_tree=   0.065ms  cascade=    n/a ms  deft=    n/a ms  ragged=   0.059ms  spd_tree=  1.09×  bw=1341.793GB/s  bw_util=465.900%
  [ 54/192]  B= 32 b=10 d= 7 d_eff= 3 L=   0 N= 60  fi_tree=   0.249ms  cascade=    n/a ms  deft=    n/a ms  ragged=   0.239ms  spd_tree=  1.04×  bw=758.112GB/s  bw_util=263.233%
  [ 55/192]  B= 32 b=10 d=12 d_eff= 3 L=   0 N=103  fi_tree=   0.367ms  cascade=    n/a ms  deft=    n/a ms  ragged=   0.377ms  spd_tree=  0.97×  bw=736.734GB/s  bw_util=255.811%
  [ 56/192]  B= 32 b=10 d=20 d_eff= 3 L=   0 N=171  fi_tree=   0.676ms  cascade=    n/a ms  deft=    n/a ms  ragged=   0.627ms  spd_tree=  1.08×  bw=732.138GB/s  bw_util=254.215%
  [ 57/192]  B= 32 b=16 d= 4 d_eff= 2 L=   0 N= 55  fi_tree=   0.202ms  cascade=    n/a ms  deft=    n/a ms  ragged=   0.199ms  spd_tree=  1.02×  bw=633.402GB/s  bw_util=219.931%
  [ 58/192]  B= 32 b=16 d= 7 d_eff= 2 L=   0 N= 96  fi_tree=   0.326ms  cascade=    n/a ms  deft=    n/a ms  ragged=   0.324ms  spd_tree=  1.01×  bw=622.177GB/s  bw_util=216.034%
  [ 59/192]  B= 32 b=16 d=12 d_eff= 3 L=   0 N=165  fi_tree=   0.656ms  cascade=    n/a ms  deft=    n/a ms  ragged=   0.565ms  spd_tree=  1.16×  bw=765.911GB/s  bw_util=265.941%
  [ 60/192]  B= 32 b=16 d=20 d_eff= 3 L=   0 N=274  fi_tree=   1.324ms  cascade=    n/a ms  deft=    n/a ms  ragged=   0.990ms  spd_tree=  1.34×  bw=733.308GB/s  bw_util=254.621%
  [ 61/192]  B= 32 b=24 d= 4 d_eff= 2 L=   0 N= 82  fi_tree=   0.290ms  cascade=    n/a ms  deft=    n/a ms  ragged=   0.273ms  spd_tree=  1.06×  bw=636.644GB/s  bw_util=221.057%
  [ 62/192]  B= 32 b=24 d= 7 d_eff= 2 L=   0 N=144  fi_tree=   0.538ms  cascade=    n/a ms  deft=    n/a ms  ragged=   0.478ms  spd_tree=  1.13×  bw=635.952GB/s  bw_util=220.817%
  [ 63/192]  B= 32 b=24 d=12 d_eff= 2 L=   0 N=247  fi_tree=   1.238ms  cascade=    n/a ms  deft=    n/a ms  ragged=   0.880ms  spd_tree=  1.41×  bw=619.253GB/s  bw_util=215.018%
  [ 64/192]  B= 32 b=24 d=20 d_eff= 3 L=   0 N=411  fi_tree=   2.811ms  cascade=    n/a ms  deft=    n/a ms  ragged=   1.475ms  spd_tree=  1.91×  bw=751.837GB/s  bw_util=261.055%
  [ 65/192]  B=  4 b=6 d= 4 d_eff= 3 L=1024 N= 30  fi_tree=   0.242ms  cascade=   0.050ms  deft=    n/a ms  ragged=   0.058ms  spd_tree=  4.17×  bw=175.139GB/s  bw_util=60.812%
  [ 66/192]  B=  4 b=6 d= 7 d_eff= 3 L=1024 N= 36  fi_tree=   0.244ms  cascade=   0.095ms  deft=    n/a ms  ragged=   0.108ms  spd_tree=  2.25×  bw=114.751GB/s  bw_util=39.844%
  [ 67/192]  B=  4 b=6 d=12 d_eff= 3 L=1024 N= 62  fi_tree=   0.335ms  cascade=   0.118ms  deft=    n/a ms  ragged=   0.123ms  spd_tree=  2.73×  bw=173.333GB/s  bw_util=60.185%
  [ 68/192]  B=  4 b=6 d=20 d_eff= 4 L=1024 N=103  fi_tree=   0.381ms  cascade=   0.169ms  deft=    n/a ms  ragged=   0.200ms  spd_tree=  1.91×  bw=208.738GB/s  bw_util=72.479%
  [ 69/192]  B=  4 b=10 d= 4 d_eff= 2 L=1024 N= 34  fi_tree=   0.243ms  cascade=   0.095ms  deft=    n/a ms  ragged=   0.106ms  spd_tree=  2.28×  bw= 93.538GB/s  bw_util=32.479%
  [ 70/192]  B=  4 b=10 d= 7 d_eff= 3 L=1024 N= 60  fi_tree=   0.334ms  cascade=   0.119ms  deft=    n/a ms  ragged=   0.124ms  spd_tree=  2.70×  bw=182.479GB/s  bw_util=63.361%
  [ 71/192]  B=  4 b=10 d=12 d_eff= 3 L=1024 N=103  fi_tree=   0.382ms  cascade=   0.168ms  deft=    n/a ms  ragged=   0.198ms  spd_tree=  1.93×  bw=175.751GB/s  bw_util=61.025%
  [ 72/192]  B=  4 b=10 d=20 d_eff= 3 L=1024 N=171  fi_tree=   0.614ms  cascade=   0.268ms  deft=    n/a ms  ragged=   0.287ms  spd_tree=  2.14×  bw=200.000GB/s  bw_util=69.444%
  [ 73/192]  B=  4 b=16 d= 4 d_eff= 2 L=1024 N= 55  fi_tree=   0.254ms  cascade=   0.099ms  deft=    n/a ms  ragged=   0.115ms  spd_tree=  2.21×  bw=137.143GB/s  bw_util=47.619%
  [ 74/192]  B=  4 b=16 d= 7 d_eff= 2 L=1024 N= 96  fi_tree=   0.361ms  cascade=   0.124ms  deft=    n/a ms  ragged=   0.143ms  spd_tree=  2.52×  bw=175.543GB/s  bw_util=60.952%
  [ 75/192]  B=  4 b=16 d=12 d_eff= 3 L=1024 N=165  fi_tree=   0.602ms  cascade=   0.264ms  deft=    n/a ms  ragged=   0.280ms  spd_tree=  2.15×  bw=193.407GB/s  bw_util=67.155%
  [ 76/192]  B=  4 b=16 d=20 d_eff= 3 L=1024 N=274  fi_tree=   0.919ms  cascade=   0.477ms  deft=    n/a ms  ragged=   0.492ms  spd_tree=  1.87×  bw=184.367GB/s  bw_util=64.016%
  [ 77/192]  B=  4 b=24 d= 4 d_eff= 2 L=1024 N= 82  fi_tree=   0.352ms  cascade=   0.122ms  deft=    n/a ms  ragged=   0.127ms  spd_tree=  2.77×  bw=171.355GB/s  bw_util=59.498%
  [ 78/192]  B=  4 b=24 d= 7 d_eff= 2 L=1024 N=144  fi_tree=   0.584ms  cascade=   0.252ms  deft=    n/a ms  ragged=   0.268ms  spd_tree=  2.18×  bw=141.679GB/s  bw_util=49.194%
  [ 79/192]  B=  4 b=24 d=12 d_eff= 2 L=1024 N=247  fi_tree=   0.902ms  cascade=   0.476ms  deft=    n/a ms  ragged=   0.476ms  spd_tree=  1.89×  bw=143.140GB/s  bw_util=49.701%
  [ 80/192]  B=  4 b=24 d=20 d_eff= 3 L=1024 N=411  fi_tree=   1.471ms  cascade=   0.919ms  deft=    n/a ms  ragged=   0.808ms  spd_tree=  1.82×  bw=171.583GB/s  bw_util=59.577%
  [ 81/192]  B=  8 b=6 d= 4 d_eff= 3 L=1024 N= 30  fi_tree=   0.453ms  cascade=   0.107ms  deft=    n/a ms  ragged=   0.121ms  spd_tree=  3.74×  bw=167.714GB/s  bw_util=58.234%
  [ 82/192]  B=  8 b=6 d= 7 d_eff= 3 L=1024 N= 36  fi_tree=   0.453ms  cascade=   0.114ms  deft=    n/a ms  ragged=   0.136ms  spd_tree=  3.33×  bw=183.029GB/s  bw_util=63.552%
  [ 83/192]  B=  8 b=6 d=12 d_eff= 3 L=1024 N= 62  fi_tree=   0.527ms  cascade=   0.222ms  deft=    n/a ms  ragged=   0.263ms  spd_tree=  2.01×  bw=162.045GB/s  bw_util=56.266%
  [ 84/192]  B=  8 b=6 d=20 d_eff= 4 L=1024 N=103  fi_tree=   0.622ms  cascade=   0.312ms  deft=    n/a ms  ragged=   0.385ms  spd_tree=  1.61×  bw=216.511GB/s  bw_util=75.177%
  [ 85/192]  B=  8 b=10 d= 4 d_eff= 2 L=1024 N= 34  fi_tree=   0.454ms  cascade=   0.112ms  deft=    n/a ms  ragged=   0.133ms  spd_tree=  3.41×  bw=149.661GB/s  bw_util=51.966%
  [ 86/192]  B=  8 b=10 d= 7 d_eff= 3 L=1024 N= 60  fi_tree=   0.528ms  cascade=   0.223ms  deft=    n/a ms  ragged=   0.268ms  spd_tree=  1.97×  bw=168.993GB/s  bw_util=58.678%
  [ 87/192]  B=  8 b=10 d=12 d_eff= 3 L=1024 N=103  fi_tree=   0.623ms  cascade=   0.314ms  deft=    n/a ms  ragged=   0.383ms  spd_tree=  1.63×  bw=181.390GB/s  bw_util=62.983%
  [ 88/192]  B=  8 b=10 d=20 d_eff= 3 L=1024 N=171  fi_tree=   1.157ms  cascade=   0.603ms  deft=    n/a ms  ragged=   0.651ms  spd_tree=  1.78×  bw=176.282GB/s  bw_util=61.209%
  [ 89/192]  B=  8 b=16 d= 4 d_eff= 2 L=1024 N= 55  fi_tree=   0.478ms  cascade=   0.163ms  deft=    n/a ms  ragged=   0.215ms  spd_tree=  2.22×  bw=146.286GB/s  bw_util=50.794%
  [ 90/192]  B=  8 b=16 d= 7 d_eff= 2 L=1024 N= 96  fi_tree=   0.586ms  cascade=   0.254ms  deft=    n/a ms  ragged=   0.320ms  spd_tree=  1.83×  bw=157.538GB/s  bw_util=54.701%
  [ 91/192]  B=  8 b=16 d=12 d_eff= 3 L=1024 N=165  fi_tree=   1.137ms  cascade=   0.587ms  deft=    n/a ms  ragged=   0.631ms  spd_tree=  1.80×  bw=171.437GB/s  bw_util=59.527%
  [ 92/192]  B=  8 b=16 d=20 d_eff= 3 L=1024 N=274  fi_tree=   1.773ms  cascade=   1.005ms  deft=    n/a ms  ragged=   1.052ms  spd_tree=  1.69×  bw=172.627GB/s  bw_util=59.940%
  [ 93/192]  B=  8 b=24 d= 4 d_eff= 2 L=1024 N= 82  fi_tree=   0.555ms  cascade=   0.238ms  deft=    n/a ms  ragged=   0.279ms  spd_tree=  1.99×  bw=155.788GB/s  bw_util=54.093%
  [ 94/192]  B=  8 b=24 d= 7 d_eff= 2 L=1024 N=144  fi_tree=   1.026ms  cascade=   0.492ms  deft=    n/a ms  ragged=   0.534ms  spd_tree=  1.92×  bw=142.282GB/s  bw_util=49.403%
  [ 95/192]  B=  8 b=24 d=12 d_eff= 2 L=1024 N=247  fi_tree=   1.629ms  cascade=   0.965ms  deft=    n/a ms  ragged=   0.995ms  spd_tree=  1.64×  bw=136.975GB/s  bw_util=47.561%
  [ 96/192]  B=  8 b=24 d=20 d_eff= 3 L=1024 N=411  fi_tree=   2.618ms  cascade=   1.678ms  deft=    n/a ms  ragged=   1.679ms  spd_tree=  1.56×  bw=165.139GB/s  bw_util=57.340%
  [ 97/192]  B= 16 b=6 d= 4 d_eff= 3 L=1024 N= 30  fi_tree=   0.912ms  cascade=   0.162ms  deft=    n/a ms  ragged=   0.212ms  spd_tree=  4.30×  bw=191.691GB/s  bw_util=66.559%
  [ 98/192]  B= 16 b=6 d= 7 d_eff= 3 L=1024 N= 36  fi_tree=   0.917ms  cascade=   0.217ms  deft=    n/a ms  ragged=   0.273ms  spd_tree=  3.36×  bw=182.332GB/s  bw_util=63.310%
  [ 99/192]  B= 16 b=6 d=12 d_eff= 3 L=1024 N= 62  fi_tree=   1.033ms  cascade=   0.402ms  deft=    n/a ms  ragged=   0.478ms  spd_tree=  2.16×  bw=178.159GB/s  bw_util=61.861%
  [100/192]  B= 16 b=6 d=20 d_eff= 4 L=1024 N=103  fi_tree=   1.170ms  cascade=   0.704ms  deft=    n/a ms  ragged=   0.818ms  spd_tree=  1.43×  bw=203.787GB/s  bw_util=70.759%
  [101/192]  B= 16 b=10 d= 4 d_eff= 2 L=1024 N= 34  fi_tree=   0.917ms  cascade=   0.217ms  deft=    n/a ms  ragged=   0.269ms  spd_tree=  3.41×  bw=147.954GB/s  bw_util=51.373%
  [102/192]  B= 16 b=10 d= 7 d_eff= 3 L=1024 N= 60  fi_tree=   1.052ms  cascade=   0.419ms  deft=    n/a ms  ragged=   0.492ms  spd_tree=  2.14×  bw=183.677GB/s  bw_util=63.777%
  [103/192]  B= 16 b=10 d=12 d_eff= 3 L=1024 N=103  fi_tree=   1.167ms  cascade=   0.706ms  deft=    n/a ms  ragged=   0.803ms  spd_tree=  1.45×  bw=173.082GB/s  bw_util=60.098%
  [104/192]  B= 16 b=10 d=20 d_eff= 3 L=1024 N=171  fi_tree=   2.136ms  cascade=   1.164ms  deft=    n/a ms  ragged=   1.389ms  spd_tree=  1.54×  bw=165.192GB/s  bw_util=57.358%
  [105/192]  B= 16 b=16 d= 4 d_eff= 2 L=1024 N= 55  fi_tree=   0.951ms  cascade=   0.365ms  deft=    n/a ms  ragged=   0.438ms  spd_tree=  2.17×  bw=143.756GB/s  bw_util=49.915%
  [106/192]  B= 16 b=16 d= 7 d_eff= 2 L=1024 N= 96  fi_tree=   1.112ms  cascade=   0.591ms  deft=    n/a ms  ragged=   0.680ms  spd_tree=  1.64×  bw=148.048GB/s  bw_util=51.406%
  [107/192]  B= 16 b=16 d=12 d_eff= 3 L=1024 N=165  fi_tree=   2.029ms  cascade=   1.102ms  deft=    n/a ms  ragged=   1.281ms  spd_tree=  1.58×  bw=168.785GB/s  bw_util=58.606%
  [108/192]  B= 16 b=16 d=20 d_eff= 3 L=1024 N=274  fi_tree=   3.364ms  cascade=   1.996ms  deft=    n/a ms  ragged=   2.251ms  spd_tree=  1.49×  bw=161.288GB/s  bw_util=56.003%
  [109/192]  B= 16 b=24 d= 4 d_eff= 2 L=1024 N= 82  fi_tree=   1.075ms  cascade=   0.538ms  deft=    n/a ms  ragged=   0.612ms  spd_tree=  1.75×  bw=142.127GB/s  bw_util=49.350%
  [110/192]  B= 16 b=24 d= 7 d_eff= 2 L=1024 N=144  fi_tree=   1.889ms  cascade=   0.979ms  deft=    n/a ms  ragged=   1.110ms  spd_tree=  1.70×  bw=136.974GB/s  bw_util=47.560%
  [111/192]  B= 16 b=24 d=12 d_eff= 2 L=1024 N=247  fi_tree=   3.196ms  cascade=   1.852ms  deft=    n/a ms  ragged=   2.078ms  spd_tree=  1.54×  bw=131.217GB/s  bw_util=45.562%
  [112/192]  B= 16 b=24 d=20 d_eff= 3 L=1024 N=411  fi_tree=   5.153ms  cascade=   3.482ms  deft=    n/a ms  ragged=   3.418ms  spd_tree=  1.51×  bw=162.205GB/s  bw_util=56.321%
  [113/192]  B= 32 b=6 d= 4 d_eff= 3 L=1024 N= 30  fi_tree=   1.783ms  cascade=   0.375ms  deft=    n/a ms  ragged=   0.453ms  spd_tree=  3.94×  bw=179.560GB/s  bw_util=62.347%
  [114/192]  B= 32 b=6 d= 7 d_eff= 3 L=1024 N= 36  fi_tree=   1.812ms  cascade=   0.473ms  deft=    n/a ms  ragged=   0.562ms  spd_tree=  3.22×  bw=177.271GB/s  bw_util=61.552%
  [115/192]  B= 32 b=6 d=12 d_eff= 3 L=1024 N= 62  fi_tree=   1.953ms  cascade=   0.862ms  deft=    n/a ms  ragged=   1.031ms  spd_tree=  1.89×  bw=165.328GB/s  bw_util=57.406%
  [116/192]  B= 32 b=6 d=20 d_eff= 4 L=1024 N=103  fi_tree=   2.217ms  cascade=   1.360ms  deft=    n/a ms  ragged=   1.754ms  spd_tree=  1.26×  bw=190.096GB/s  bw_util=66.006%
  [117/192]  B= 32 b=10 d= 4 d_eff= 2 L=1024 N= 34  fi_tree=   1.809ms  cascade=   0.472ms  deft=    n/a ms  ragged=   0.555ms  spd_tree=  3.26×  bw=143.587GB/s  bw_util=49.856%
  [118/192]  B= 32 b=10 d= 7 d_eff= 3 L=1024 N= 60  fi_tree=   1.958ms  cascade=   0.894ms  deft=    n/a ms  ragged=   1.064ms  spd_tree=  1.84×  bw=170.061GB/s  bw_util=59.049%
  [119/192]  B= 32 b=10 d=12 d_eff= 3 L=1024 N=103  fi_tree=   2.230ms  cascade=   1.370ms  deft=    n/a ms  ragged=   1.725ms  spd_tree=  1.29×  bw=161.095GB/s  bw_util=55.936%
  [120/192]  B= 32 b=10 d=20 d_eff= 3 L=1024 N=171  fi_tree=   4.170ms  cascade=   2.358ms  deft=    n/a ms  ragged=   2.891ms  spd_tree=  1.44×  bw=158.705GB/s  bw_util=55.106%
  [121/192]  B= 32 b=16 d= 4 d_eff= 2 L=1024 N= 55  fi_tree=   1.889ms  cascade=   0.749ms  deft=    n/a ms  ragged=   0.851ms  spd_tree=  2.22×  bw=147.870GB/s  bw_util=51.344%
  [122/192]  B= 32 b=16 d= 7 d_eff= 2 L=1024 N= 96  fi_tree=   2.096ms  cascade=   1.218ms  deft=    n/a ms  ragged=   1.522ms  spd_tree=  1.38×  bw=132.262GB/s  bw_util=45.924%
  [123/192]  B= 32 b=16 d=12 d_eff= 3 L=1024 N=165  fi_tree=   4.149ms  cascade=   2.188ms  deft=    n/a ms  ragged=   2.683ms  spd_tree=  1.55×  bw=161.221GB/s  bw_util=55.980%
  [124/192]  B= 32 b=16 d=20 d_eff= 3 L=1024 N=274  fi_tree=   6.633ms  cascade=   4.063ms  deft=    n/a ms  ragged=   4.530ms  spd_tree=  1.46×  bw=160.291GB/s  bw_util=55.656%
  [125/192]  B= 32 b=24 d= 4 d_eff= 2 L=1024 N= 82  fi_tree=   2.018ms  cascade=   1.058ms  deft=    n/a ms  ragged=   1.295ms  spd_tree=  1.56×  bw=134.375GB/s  bw_util=46.658%
  [126/192]  B= 32 b=24 d= 7 d_eff= 2 L=1024 N=144  fi_tree=   3.879ms  cascade=   1.930ms  deft=    n/a ms  ragged=   2.356ms  spd_tree=  1.65×  bw=129.057GB/s  bw_util=44.811%
  [127/192]  B= 32 b=24 d=12 d_eff= 2 L=1024 N=247  fi_tree=   6.370ms  cascade=   3.807ms  deft=    n/a ms  ragged=   4.192ms  spd_tree=  1.52×  bw=130.065GB/s  bw_util=45.161%
  [128/192]  B= 32 b=24 d=20 d_eff= 3 L=1024 N=411  fi_tree=  10.185ms  cascade=   6.920ms  deft=    n/a ms  ragged=   6.851ms  spd_tree=  1.49×  bw=161.850GB/s  bw_util=56.198%
  [129/192]  B=  4 b=6 d= 4 d_eff= 3 L=4096 N= 30  fi_tree=   1.187ms  cascade=   0.254ms  deft=    n/a ms  ragged=   0.268ms  spd_tree=  4.42×  bw= 37.863GB/s  bw_util=13.147%
  [130/192]  B=  4 b=6 d= 7 d_eff= 3 L=4096 N= 36  fi_tree=   1.049ms  cascade=   0.341ms  deft=    n/a ms  ragged=   0.351ms  spd_tree=  2.99×  bw= 35.458GB/s  bw_util=12.312%
  [131/192]  B=  4 b=6 d=12 d_eff= 3 L=4096 N= 62  fi_tree=   1.481ms  cascade=   0.386ms  deft=    n/a ms  ragged=   0.392ms  spd_tree=  3.78×  bw= 54.330GB/s  bw_util=18.865%
  [132/192]  B=  4 b=6 d=20 d_eff= 4 L=4096 N=103  fi_tree=   1.624ms  cascade=   0.551ms  deft=    n/a ms  ragged=   0.570ms  spd_tree=  2.85×  bw= 73.077GB/s  bw_util=25.374%
  [133/192]  B=  4 b=10 d= 4 d_eff= 2 L=4096 N= 34  fi_tree=   1.048ms  cascade=   0.341ms  deft=    n/a ms  ragged=   0.349ms  spd_tree=  3.00×  bw= 28.499GB/s  bw_util=9.896%
  [134/192]  B=  4 b=10 d= 7 d_eff= 3 L=4096 N= 60  fi_tree=   1.488ms  cascade=   0.387ms  deft=    n/a ms  ragged=   0.392ms  spd_tree=  3.79×  bw= 57.650GB/s  bw_util=20.017%
  [135/192]  B=  4 b=10 d=12 d_eff= 3 L=4096 N=103  fi_tree=   1.629ms  cascade=   0.552ms  deft=    n/a ms  ragged=   0.569ms  spd_tree=  2.86×  bw= 61.074GB/s  bw_util=21.206%
  [136/192]  B=  4 b=10 d=20 d_eff= 3 L=4096 N=171  fi_tree=   2.168ms  cascade=   0.771ms  deft=    n/a ms  ragged=   0.766ms  spd_tree=  2.83×  bw= 74.830GB/s  bw_util=25.983%
  [137/192]  B=  4 b=16 d= 4 d_eff= 2 L=4096 N= 55  fi_tree=   1.096ms  cascade=   0.351ms  deft=    n/a ms  ragged=   0.363ms  spd_tree=  3.01×  bw= 43.268GB/s  bw_util=15.024%
  [138/192]  B=  4 b=16 d= 7 d_eff= 2 L=4096 N= 96  fi_tree=   1.621ms  cascade=   0.394ms  deft=    n/a ms  ragged=   0.411ms  spd_tree=  3.95×  bw= 61.287GB/s  bw_util=21.280%
  [139/192]  B=  4 b=16 d=12 d_eff= 3 L=4096 N=165  fi_tree=   2.138ms  cascade=   0.766ms  deft=    n/a ms  ragged=   0.759ms  spd_tree=  2.82×  bw= 71.255GB/s  bw_util=24.741%
  [140/192]  B=  4 b=16 d=20 d_eff= 3 L=4096 N=274  fi_tree=   2.948ms  cascade=   1.204ms  deft=    n/a ms  ragged=   1.223ms  spd_tree=  2.41×  bw= 74.207GB/s  bw_util=25.766%
  [141/192]  B=  4 b=24 d= 4 d_eff= 2 L=4096 N= 82  fi_tree=   1.463ms  cascade=   0.392ms  deft=    n/a ms  ragged=   0.400ms  spd_tree=  3.65×  bw= 54.343GB/s  bw_util=18.869%
  [142/192]  B=  4 b=24 d= 7 d_eff= 2 L=4096 N=144  fi_tree=   2.012ms  cascade=   0.732ms  deft=    n/a ms  ragged=   0.724ms  spd_tree=  2.78×  bw= 52.504GB/s  bw_util=18.230%
  [143/192]  B=  4 b=24 d=12 d_eff= 2 L=4096 N=247  fi_tree=   2.867ms  cascade=   1.192ms  deft=    n/a ms  ragged=   1.186ms  spd_tree=  2.42×  bw= 57.478GB/s  bw_util=19.958%
  [144/192]  B=  4 b=24 d=20 d_eff= 3 L=4096 N=411  fi_tree=   4.282ms  cascade=   2.066ms  deft=    n/a ms  ragged=   1.988ms  spd_tree=  2.15×  bw= 69.727GB/s  bw_util=24.211%
  [145/192]  B=  8 b=6 d= 4 d_eff= 3 L=4096 N= 30  fi_tree=   1.824ms  cascade=   0.350ms  deft=    n/a ms  ragged=   0.365ms  spd_tree=  5.00×  bw= 55.674GB/s  bw_util=19.331%
  [146/192]  B=  8 b=6 d= 7 d_eff= 3 L=4096 N= 36  fi_tree=   1.845ms  cascade=   0.379ms  deft=    n/a ms  ragged=   0.399ms  spd_tree=  4.62×  bw= 62.359GB/s  bw_util=21.652%
  [147/192]  B=  8 b=6 d=12 d_eff= 3 L=4096 N= 62  fi_tree=   2.319ms  cascade=   0.706ms  deft=    n/a ms  ragged=   0.722ms  spd_tree=  3.21×  bw= 58.977GB/s  bw_util=20.478%
  [148/192]  B=  8 b=6 d=20 d_eff= 4 L=4096 N=103  fi_tree=   2.486ms  cascade=   0.917ms  deft=    n/a ms  ragged=   0.971ms  spd_tree=  2.56×  bw= 85.873GB/s  bw_util=29.817%
  [149/192]  B=  8 b=10 d= 4 d_eff= 2 L=4096 N= 34  fi_tree=   1.843ms  cascade=   0.379ms  deft=    n/a ms  ragged=   0.397ms  spd_tree=  4.64×  bw= 50.177GB/s  bw_util=17.422%
  [150/192]  B=  8 b=10 d= 7 d_eff= 3 L=4096 N= 60  fi_tree=   2.295ms  cascade=   0.712ms  deft=    n/a ms  ragged=   0.725ms  spd_tree=  3.17×  bw= 62.417GB/s  bw_util=21.673%
  [151/192]  B=  8 b=10 d=12 d_eff= 3 L=4096 N=103  fi_tree=   2.482ms  cascade=   0.918ms  deft=    n/a ms  ragged=   0.969ms  spd_tree=  2.56×  bw= 71.713GB/s  bw_util=24.900%
  [152/192]  B=  8 b=10 d=20 d_eff= 3 L=4096 N=171  fi_tree=   4.040ms  cascade=   1.543ms  deft=    n/a ms  ragged=   1.597ms  spd_tree=  2.53×  bw= 71.818GB/s  bw_util=24.937%
  [153/192]  B=  8 b=16 d= 4 d_eff= 2 L=4096 N= 55  fi_tree=   1.867ms  cascade=   0.552ms  deft=    n/a ms  ragged=   0.569ms  spd_tree=  3.28×  bw= 55.252GB/s  bw_util=19.185%
  [154/192]  B=  8 b=16 d= 7 d_eff= 2 L=4096 N= 96  fi_tree=   2.813ms  cascade=   0.747ms  deft=    n/a ms  ragged=   0.796ms  spd_tree=  3.54×  bw= 63.264GB/s  bw_util=21.967%
  [155/192]  B=  8 b=16 d=12 d_eff= 3 L=4096 N=165  fi_tree=   3.991ms  cascade=   1.529ms  deft=    n/a ms  ragged=   1.563ms  spd_tree=  2.55×  bw= 69.179GB/s  bw_util=24.021%
  [156/192]  B=  8 b=16 d=20 d_eff= 3 L=4096 N=274  fi_tree=   5.665ms  cascade=   2.400ms  deft=    n/a ms  ragged=   2.519ms  spd_tree=  2.25×  bw= 72.065GB/s  bw_util=25.023%
  [157/192]  B=  8 b=24 d= 4 d_eff= 2 L=4096 N= 82  fi_tree=   2.346ms  cascade=   0.738ms  deft=    n/a ms  ragged=   0.759ms  spd_tree=  3.09×  bw= 57.293GB/s  bw_util=19.893%
  [158/192]  B=  8 b=24 d= 7 d_eff= 2 L=4096 N=144  fi_tree=   3.679ms  cascade=   1.330ms  deft=    n/a ms  ragged=   1.360ms  spd_tree=  2.70×  bw= 55.885GB/s  bw_util=19.404%
  [159/192]  B=  8 b=24 d=12 d_eff= 2 L=4096 N=247  fi_tree=   5.497ms  cascade=   2.368ms  deft=    n/a ms  ragged=   2.420ms  spd_tree=  2.27×  bw= 56.335GB/s  bw_util=19.561%
  [160/192]  B=  8 b=24 d=20 d_eff= 3 L=4096 N=411  fi_tree=   8.086ms  cascade=   4.016ms  deft=    n/a ms  ragged=   3.899ms  spd_tree=  2.07×  bw= 71.092GB/s  bw_util=24.685%
  [161/192]  B= 16 b=6 d= 4 d_eff= 3 L=4096 N= 30  fi_tree=   3.576ms  cascade=   0.549ms  deft=    n/a ms  ragged=   0.574ms  spd_tree=  6.23×  bw= 70.743GB/s  bw_util=24.563%
  [162/192]  B= 16 b=6 d= 7 d_eff= 3 L=4096 N= 36  fi_tree=   3.594ms  cascade=   0.706ms  deft=    n/a ms  ragged=   0.739ms  spd_tree=  4.86×  bw= 67.398GB/s  bw_util=23.402%
  [163/192]  B= 16 b=6 d=12 d_eff= 3 L=4096 N= 62  fi_tree=   4.611ms  cascade=   1.133ms  deft=    n/a ms  ragged=   1.196ms  spd_tree=  3.85×  bw= 71.233GB/s  bw_util=24.734%
  [164/192]  B= 16 b=6 d=20 d_eff= 4 L=4096 N=103  fi_tree=   4.958ms  cascade=   1.863ms  deft=    n/a ms  ragged=   2.064ms  spd_tree=  2.40×  bw= 80.767GB/s  bw_util=28.044%
  [165/192]  B= 16 b=10 d= 4 d_eff= 2 L=4096 N= 34  fi_tree=   3.589ms  cascade=   0.705ms  deft=    n/a ms  ragged=   0.735ms  spd_tree=  4.88×  bw= 54.195GB/s  bw_util=18.818%
  [166/192]  B= 16 b=10 d= 7 d_eff= 3 L=4096 N= 60  fi_tree=   4.526ms  cascade=   1.148ms  deft=    n/a ms  ragged=   1.211ms  spd_tree=  3.74×  bw= 74.659GB/s  bw_util=25.923%
  [167/192]  B= 16 b=10 d=12 d_eff= 3 L=4096 N=103  fi_tree=   4.954ms  cascade=   1.865ms  deft=    n/a ms  ragged=   2.022ms  spd_tree=  2.45×  bw= 68.723GB/s  bw_util=23.862%
  [168/192]  B= 16 b=10 d=20 d_eff= 3 L=4096 N=171  fi_tree=   7.711ms  cascade=   3.060ms  deft=    n/a ms  ragged=   3.235ms  spd_tree=  2.38×  bw= 70.901GB/s  bw_util=24.619%
  [169/192]  B= 16 b=16 d= 4 d_eff= 2 L=4096 N= 55  fi_tree=   3.671ms  cascade=   1.083ms  deft=    n/a ms  ragged=   1.142ms  spd_tree=  3.21×  bw= 55.082GB/s  bw_util=19.126%
  [170/192]  B= 16 b=16 d= 7 d_eff= 2 L=4096 N= 96  fi_tree=   5.739ms  cascade=   1.539ms  deft=    n/a ms  ragged=   1.636ms  spd_tree=  3.51×  bw= 61.544GB/s  bw_util=21.369%
  [171/192]  B= 16 b=16 d=12 d_eff= 3 L=4096 N=165  fi_tree=   7.539ms  cascade=   2.835ms  deft=    n/a ms  ragged=   3.051ms  spd_tree=  2.47×  bw= 70.887GB/s  bw_util=24.613%
  [172/192]  B= 16 b=16 d=20 d_eff= 3 L=4096 N=274  fi_tree=  11.478ms  cascade=   5.027ms  deft=    n/a ms  ragged=   5.166ms  spd_tree=  2.22×  bw= 70.282GB/s  bw_util=24.403%
  [173/192]  B= 16 b=24 d= 4 d_eff= 2 L=4096 N= 82  fi_tree=   4.682ms  cascade=   1.478ms  deft=    n/a ms  ragged=   1.551ms  spd_tree=  3.02×  bw= 56.103GB/s  bw_util=19.480%
  [174/192]  B= 16 b=24 d= 7 d_eff= 2 L=4096 N=144  fi_tree=   7.196ms  cascade=   2.553ms  deft=    n/a ms  ragged=   2.720ms  spd_tree=  2.65×  bw= 55.897GB/s  bw_util=19.409%
  [175/192]  B= 16 b=24 d=12 d_eff= 2 L=4096 N=247  fi_tree=  11.115ms  cascade=   4.701ms  deft=    n/a ms  ragged=   4.801ms  spd_tree=  2.32×  bw= 56.792GB/s  bw_util=19.719%
  [176/192]  B= 16 b=24 d=20 d_eff= 3 L=4096 N=411  fi_tree=  16.418ms  cascade=   7.898ms  deft=    n/a ms  ragged=   7.789ms  spd_tree=  2.11×  bw= 71.181GB/s  bw_util=24.716%
  [177/192]  B= 32 b=6 d= 4 d_eff= 3 L=4096 N= 30  fi_tree=   6.911ms  cascade=   1.089ms  deft=    n/a ms  ragged=   1.156ms  spd_tree=  5.98×  bw= 70.292GB/s  bw_util=24.407%
  [178/192]  B= 32 b=6 d= 7 d_eff= 3 L=4096 N= 36  fi_tree=   6.883ms  cascade=   1.300ms  deft=    n/a ms  ragged=   1.391ms  spd_tree=  4.95×  bw= 71.614GB/s  bw_util=24.866%
  [179/192]  B= 32 b=6 d=12 d_eff= 3 L=4096 N= 62  fi_tree=   8.616ms  cascade=   2.303ms  deft=    n/a ms  ragged=   2.443ms  spd_tree=  3.53×  bw= 69.758GB/s  bw_util=24.222%
  [180/192]  B= 32 b=6 d=20 d_eff= 4 L=4096 N=103  fi_tree=   9.325ms  cascade=   3.598ms  deft=    n/a ms  ragged=   3.979ms  spd_tree=  2.34×  bw= 83.807GB/s  bw_util=29.100%
  [181/192]  B= 32 b=10 d= 4 d_eff= 2 L=4096 N= 34  fi_tree=   6.933ms  cascade=   1.301ms  deft=    n/a ms  ragged=   1.386ms  spd_tree=  5.00×  bw= 57.498GB/s  bw_util=19.965%
  [182/192]  B= 32 b=10 d= 7 d_eff= 3 L=4096 N= 60  fi_tree=   8.437ms  cascade=   2.316ms  deft=    n/a ms  ragged=   2.582ms  spd_tree=  3.27×  bw= 70.067GB/s  bw_util=24.329%
  [183/192]  B= 32 b=10 d=12 d_eff= 3 L=4096 N=103  fi_tree=   9.329ms  cascade=   3.679ms  deft=    n/a ms  ragged=   3.962ms  spd_tree=  2.35×  bw= 70.129GB/s  bw_util=24.350%
  [184/192]  B= 32 b=10 d=20 d_eff= 3 L=4096 N=171  fi_tree=  15.818ms  cascade=   6.104ms  deft=    n/a ms  ragged=   6.518ms  spd_tree=  2.43×  bw= 70.380GB/s  bw_util=24.437%
  [185/192]  B= 32 b=16 d= 4 d_eff= 2 L=4096 N= 55  fi_tree=   6.977ms  cascade=   1.932ms  deft=    n/a ms  ragged=   2.111ms  spd_tree=  3.30×  bw= 59.596GB/s  bw_util=20.693%
  [186/192]  B= 32 b=16 d= 7 d_eff= 2 L=4096 N= 96  fi_tree=  11.090ms  cascade=   3.254ms  deft=    n/a ms  ragged=   3.492ms  spd_tree=  3.18×  bw= 57.651GB/s  bw_util=20.018%
  [187/192]  B= 32 b=16 d=12 d_eff= 3 L=4096 N=165  fi_tree=  15.431ms  cascade=   5.858ms  deft=    n/a ms  ragged=   6.085ms  spd_tree=  2.54×  bw= 71.081GB/s  bw_util=24.681%
  [188/192]  B= 32 b=16 d=20 d_eff= 3 L=4096 N=274  fi_tree=  24.324ms  cascade=   9.935ms  deft=    n/a ms  ragged=  10.275ms  spd_tree=  2.37×  bw= 70.672GB/s  bw_util=24.539%
  [189/192]  B= 32 b=24 d= 4 d_eff= 2 L=4096 N= 82  fi_tree=   8.693ms  cascade=   2.796ms  deft=    n/a ms  ragged=   3.052ms  spd_tree=  2.85×  bw= 57.032GB/s  bw_util=19.803%
  [190/192]  B= 32 b=24 d= 7 d_eff= 2 L=4096 N=144  fi_tree=  14.894ms  cascade=   5.184ms  deft=    n/a ms  ragged=   5.437ms  spd_tree=  2.74×  bw= 55.925GB/s  bw_util=19.418%
  [191/192]  B= 32 b=24 d=12 d_eff= 2 L=4096 N=247  fi_tree=  22.966ms  cascade=   9.339ms  deft=    n/a ms  ragged=   9.539ms  spd_tree=  2.41×  bw= 57.164GB/s  bw_util=19.849%
  [192/192]  B= 32 b=24 d=20 d_eff= 3 L=4096 N=411  fi_tree=  35.252ms  cascade=  15.865ms  deft=    n/a ms  ragged=  15.580ms  spd_tree=  2.26×  bw= 71.172GB/s  bw_util=24.713%

  Saved: results/micro_benchmark_pruned_20260503_111527.csv
  Saved: results/micro_benchmark_pruned.csv (latest)

  Speedup table [tree-only]  (fi_tree / ragged — >1 means ragged wins)
  ────────────────────────────────────────────────────────────────────────
  B=  4 b= 6 │ d= 4  d= 7  d=12  d=20
   vs_tree       │  1.45   0.95   1.75   1.33
   vs_casc       │   n/a    n/a    n/a    n/a
   vs_deft       │   n/a    n/a    n/a    n/a
   bw GB/s       │ 1102.22  889.42  1300.00  1459.42
  B=  4 b=10 │ d= 4  d= 7  d=12  d=20
   vs_tree       │  1.11   1.75   1.50   2.76
   vs_casc       │   n/a    n/a    n/a    n/a
   vs_deft       │   n/a    n/a    n/a    n/a
   bw GB/s       │ 827.91  1380.00  1356.80  1931.03
  B=  4 b=16 │ d= 4  d= 7  d=12  d=20
   vs_tree       │  1.11   1.48   2.84   3.93
   vs_casc       │   n/a    n/a    n/a    n/a
   vs_deft       │   n/a    n/a    n/a    n/a
   bw GB/s       │ 1061.60  1170.29  1921.09  2209.96
  B=  4 b=24 │ d= 4  d= 7  d=12  d=20
   vs_tree       │  2.00   2.87   4.26   2.02
   vs_casc       │   n/a    n/a    n/a    n/a
   vs_deft       │   n/a    n/a    n/a    n/a
   bw GB/s       │ 1416.53  1546.67  1827.47  716.19
  B=  8 b= 6 │ d= 4  d= 7  d=12  d=20
   vs_tree       │  1.26   0.95   1.54   1.18
   vs_casc       │   n/a    n/a    n/a    n/a
   vs_deft       │   n/a    n/a    n/a    n/a
   bw GB/s       │ 1326.81  1213.16  1485.71  1661.39
  B=  8 b=10 │ d= 4  d= 7  d=12  d=20
   vs_tree       │  1.10   1.61   1.29   1.40
   vs_casc       │   n/a    n/a    n/a    n/a
   vs_deft       │   n/a    n/a    n/a    n/a
   bw GB/s       │ 1096.11  1618.69  1507.56  867.59
  B=  8 b=16 │ d= 4  d= 7  d=12  d=20
   vs_tree       │  1.12   1.27   2.41   1.54
   vs_casc       │   n/a    n/a    n/a    n/a
   vs_deft       │   n/a    n/a    n/a    n/a
   bw GB/s       │ 1380.67  1300.42  1564.44  795.31
  B=  8 b=24 │ d= 4  d= 7  d=12  d=20
   vs_tree       │  1.86   3.29   1.59   1.99
   vs_casc       │   n/a    n/a    n/a    n/a
   vs_deft       │   n/a    n/a    n/a    n/a
   bw GB/s       │ 1690.33  1856.00  636.94  786.73
  B= 16 b= 6 │ d= 4  d= 7  d=12  d=20
   vs_tree       │  1.44   0.87   1.52   1.15
   vs_casc       │   n/a    n/a    n/a    n/a
   vs_deft       │   n/a    n/a    n/a    n/a
   bw GB/s       │ 1803.64  1282.11  1512.73  980.91
  B= 16 b=10 │ d= 4  d= 7  d=12  d=20
   vs_tree       │  1.09   1.63   1.12   1.22
   vs_casc       │   n/a    n/a    n/a    n/a
   vs_deft       │   n/a    n/a    n/a    n/a
   bw GB/s       │ 1210.09  1694.39  798.12  772.41
  B= 16 b=16 │ d= 4  d= 7  d=12  d=20
   vs_tree       │  1.09   1.06   1.25   1.46
   vs_casc       │   n/a    n/a    n/a    n/a
   vs_deft       │   n/a    n/a    n/a    n/a
   bw GB/s       │ 1498.54  634.41  771.11  770.78
  B= 16 b=24 │ d= 4  d= 7  d=12  d=20
   vs_tree       │  1.53   1.25   1.52   1.94
   vs_casc       │   n/a    n/a    n/a    n/a
   vs_deft       │   n/a    n/a    n/a    n/a
   bw GB/s       │ 1225.39  640.00  626.88  769.09
  B= 32 b= 6 │ d= 4  d= 7  d=12  d=20
   vs_tree       │  1.41   0.91   1.00   0.89
   vs_casc       │   n/a    n/a    n/a    n/a
   vs_deft       │   n/a    n/a    n/a    n/a
   bw GB/s       │ 1902.26  1409.54  726.64  807.58
  B= 32 b=10 │ d= 4  d= 7  d=12  d=20
   vs_tree       │  1.09   1.04   0.97   1.08
   vs_casc       │   n/a    n/a    n/a    n/a
   vs_deft       │   n/a    n/a    n/a    n/a
   bw GB/s       │ 1341.79  758.11  736.73  732.14
  B= 32 b=16 │ d= 4  d= 7  d=12  d=20
   vs_tree       │  1.02   1.01   1.16   1.34
   vs_casc       │   n/a    n/a    n/a    n/a
   vs_deft       │   n/a    n/a    n/a    n/a
   bw GB/s       │ 633.40  622.18  765.91  733.31
  B= 32 b=24 │ d= 4  d= 7  d=12  d=20
   vs_tree       │  1.06   1.13   1.41   1.91
   vs_casc       │   n/a    n/a    n/a    n/a
   vs_deft       │   n/a    n/a    n/a    n/a
   bw GB/s       │ 636.64  635.95  619.25  751.84

  Speedup table [context_len=1024]  (fi_tree / ragged — >1 means ragged wins)
  ────────────────────────────────────────────────────────────────────────
  B=  4 b= 6 │ d= 4  d= 7  d=12  d=20
   vs_tree       │  4.17   2.25   2.73   1.91
   vs_casc       │  0.86   0.88   0.96   0.84
   vs_deft       │   n/a    n/a    n/a    n/a
   bw GB/s       │ 175.14  114.75  173.33  208.74
  B=  4 b=10 │ d= 4  d= 7  d=12  d=20
   vs_tree       │  2.28   2.70   1.93   2.14
   vs_casc       │  0.89   0.96   0.85   0.94
   vs_deft       │   n/a    n/a    n/a    n/a
   bw GB/s       │ 93.54  182.48  175.75  200.00
  B=  4 b=16 │ d= 4  d= 7  d=12  d=20
   vs_tree       │  2.21   2.52   2.15   1.87
   vs_casc       │  0.87   0.86   0.95   0.97
   vs_deft       │   n/a    n/a    n/a    n/a
   bw GB/s       │ 137.14  175.54  193.41  184.37
  B=  4 b=24 │ d= 4  d= 7  d=12  d=20
   vs_tree       │  2.77   2.18   1.89   1.82
   vs_casc       │  0.96   0.94   1.00   1.14
   vs_deft       │   n/a    n/a    n/a    n/a
   bw GB/s       │ 171.35  141.68  143.14  171.58
  B=  8 b= 6 │ d= 4  d= 7  d=12  d=20
   vs_tree       │  3.74   3.33   2.01   1.61
   vs_casc       │  0.89   0.84   0.85   0.81
   vs_deft       │   n/a    n/a    n/a    n/a
   bw GB/s       │ 167.71  183.03  162.04  216.51
  B=  8 b=10 │ d= 4  d= 7  d=12  d=20
   vs_tree       │  3.41   1.97   1.63   1.78
   vs_casc       │  0.84   0.83   0.82   0.93
   vs_deft       │   n/a    n/a    n/a    n/a
   bw GB/s       │ 149.66  168.99  181.39  176.28
  B=  8 b=16 │ d= 4  d= 7  d=12  d=20
   vs_tree       │  2.22   1.83   1.80   1.69
   vs_casc       │  0.76   0.79   0.93   0.96
   vs_deft       │   n/a    n/a    n/a    n/a
   bw GB/s       │ 146.29  157.54  171.44  172.63
  B=  8 b=24 │ d= 4  d= 7  d=12  d=20
   vs_tree       │  1.99   1.92   1.64   1.56
   vs_casc       │  0.85   0.92   0.97   1.00
   vs_deft       │   n/a    n/a    n/a    n/a
   bw GB/s       │ 155.79  142.28  136.97  165.14
  B= 16 b= 6 │ d= 4  d= 7  d=12  d=20
   vs_tree       │  4.30   3.36   2.16   1.43
   vs_casc       │  0.76   0.79   0.84   0.86
   vs_deft       │   n/a    n/a    n/a    n/a
   bw GB/s       │ 191.69  182.33  178.16  203.79
  B= 16 b=10 │ d= 4  d= 7  d=12  d=20
   vs_tree       │  3.41   2.14   1.45   1.54
   vs_casc       │  0.81   0.85   0.88   0.84
   vs_deft       │   n/a    n/a    n/a    n/a
   bw GB/s       │ 147.95  183.68  173.08  165.19
  B= 16 b=16 │ d= 4  d= 7  d=12  d=20
   vs_tree       │  2.17   1.64   1.58   1.49
   vs_casc       │  0.83   0.87   0.86   0.89
   vs_deft       │   n/a    n/a    n/a    n/a
   bw GB/s       │ 143.76  148.05  168.78  161.29
  B= 16 b=24 │ d= 4  d= 7  d=12  d=20
   vs_tree       │  1.75   1.70   1.54   1.51
   vs_casc       │  0.88   0.88   0.89   1.02
   vs_deft       │   n/a    n/a    n/a    n/a
   bw GB/s       │ 142.13  136.97  131.22  162.20
  B= 32 b= 6 │ d= 4  d= 7  d=12  d=20
   vs_tree       │  3.94   3.22   1.89   1.26
   vs_casc       │  0.83   0.84   0.84   0.78
   vs_deft       │   n/a    n/a    n/a    n/a
   bw GB/s       │ 179.56  177.27  165.33  190.10
  B= 32 b=10 │ d= 4  d= 7  d=12  d=20
   vs_tree       │  3.26   1.84   1.29   1.44
   vs_casc       │  0.85   0.84   0.79   0.82
   vs_deft       │   n/a    n/a    n/a    n/a
   bw GB/s       │ 143.59  170.06  161.10  158.71
  B= 32 b=16 │ d= 4  d= 7  d=12  d=20
   vs_tree       │  2.22   1.38   1.55   1.46
   vs_casc       │  0.88   0.80   0.82   0.90
   vs_deft       │   n/a    n/a    n/a    n/a
   bw GB/s       │ 147.87  132.26  161.22  160.29
  B= 32 b=24 │ d= 4  d= 7  d=12  d=20
   vs_tree       │  1.56   1.65   1.52   1.49
   vs_casc       │  0.82   0.82   0.91   1.01
   vs_deft       │   n/a    n/a    n/a    n/a
   bw GB/s       │ 134.37  129.06  130.06  161.85

  Speedup table [context_len=4096]  (fi_tree / ragged — >1 means ragged wins)
  ────────────────────────────────────────────────────────────────────────
  B=  4 b= 6 │ d= 4  d= 7  d=12  d=20
   vs_tree       │  4.42   2.99   3.78   2.85
   vs_casc       │  0.95   0.97   0.98   0.97
   vs_deft       │   n/a    n/a    n/a    n/a
   bw GB/s       │ 37.86  35.46  54.33  73.08
  B=  4 b=10 │ d= 4  d= 7  d=12  d=20
   vs_tree       │  3.00   3.79   2.86   2.83
   vs_casc       │  0.97   0.99   0.97   1.01
   vs_deft       │   n/a    n/a    n/a    n/a
   bw GB/s       │ 28.50  57.65  61.07  74.83
  B=  4 b=16 │ d= 4  d= 7  d=12  d=20
   vs_tree       │  3.01   3.95   2.82   2.41
   vs_casc       │  0.97   0.96   1.01   0.98
   vs_deft       │   n/a    n/a    n/a    n/a
   bw GB/s       │ 43.27  61.29  71.26  74.21
  B=  4 b=24 │ d= 4  d= 7  d=12  d=20
   vs_tree       │  3.65   2.78   2.42   2.15
   vs_casc       │  0.98   1.01   1.00   1.04
   vs_deft       │   n/a    n/a    n/a    n/a
   bw GB/s       │ 54.34  52.50  57.48  69.73
  B=  8 b= 6 │ d= 4  d= 7  d=12  d=20
   vs_tree       │  5.00   4.62   3.21   2.56
   vs_casc       │  0.96   0.95   0.98   0.94
   vs_deft       │   n/a    n/a    n/a    n/a
   bw GB/s       │ 55.67  62.36  58.98  85.87
  B=  8 b=10 │ d= 4  d= 7  d=12  d=20
   vs_tree       │  4.64   3.17   2.56   2.53
   vs_casc       │  0.96   0.98   0.95   0.97
   vs_deft       │   n/a    n/a    n/a    n/a
   bw GB/s       │ 50.18  62.42  71.71  71.82
  B=  8 b=16 │ d= 4  d= 7  d=12  d=20
   vs_tree       │  3.28   3.54   2.55   2.25
   vs_casc       │  0.97   0.94   0.98   0.95
   vs_deft       │   n/a    n/a    n/a    n/a
   bw GB/s       │ 55.25  63.26  69.18  72.06
  B=  8 b=24 │ d= 4  d= 7  d=12  d=20
   vs_tree       │  3.09   2.70   2.27   2.07
   vs_casc       │  0.97   0.98   0.98   1.03
   vs_deft       │   n/a    n/a    n/a    n/a
   bw GB/s       │ 57.29  55.88  56.34  71.09
  B= 16 b= 6 │ d= 4  d= 7  d=12  d=20
   vs_tree       │  6.23   4.86   3.85   2.40
   vs_casc       │  0.96   0.95   0.95   0.90
   vs_deft       │   n/a    n/a    n/a    n/a
   bw GB/s       │ 70.74  67.40  71.23  80.77
  B= 16 b=10 │ d= 4  d= 7  d=12  d=20
   vs_tree       │  4.88   3.74   2.45   2.38
   vs_casc       │  0.96   0.95   0.92   0.95
   vs_deft       │   n/a    n/a    n/a    n/a
   bw GB/s       │ 54.20  74.66  68.72  70.90
  B= 16 b=16 │ d= 4  d= 7  d=12  d=20
   vs_tree       │  3.21   3.51   2.47   2.22
   vs_casc       │  0.95   0.94   0.93   0.97
   vs_deft       │   n/a    n/a    n/a    n/a
   bw GB/s       │ 55.08  61.54  70.89  70.28
  B= 16 b=24 │ d= 4  d= 7  d=12  d=20
   vs_tree       │  3.02   2.65   2.32   2.11
   vs_casc       │  0.95   0.94   0.98   1.01
   vs_deft       │   n/a    n/a    n/a    n/a
   bw GB/s       │ 56.10  55.90  56.79  71.18
  B= 32 b= 6 │ d= 4  d= 7  d=12  d=20
   vs_tree       │  5.98   4.95   3.53   2.34
   vs_casc       │  0.94   0.93   0.94   0.90
   vs_deft       │   n/a    n/a    n/a    n/a
   bw GB/s       │ 70.29  71.61  69.76  83.81
  B= 32 b=10 │ d= 4  d= 7  d=12  d=20
   vs_tree       │  5.00   3.27   2.35   2.43
   vs_casc       │  0.94   0.90   0.93   0.94
   vs_deft       │   n/a    n/a    n/a    n/a
   bw GB/s       │ 57.50  70.07  70.13  70.38
  B= 32 b=16 │ d= 4  d= 7  d=12  d=20
   vs_tree       │  3.30   3.18   2.54   2.37
   vs_casc       │  0.91   0.93   0.96   0.97
   vs_deft       │   n/a    n/a    n/a    n/a
   bw GB/s       │ 59.60  57.65  71.08  70.67
  B= 32 b=24 │ d= 4  d= 7  d=12  d=20
   vs_tree       │  2.85   2.74   2.41   2.26
   vs_casc       │  0.92   0.95   0.98   1.02
   vs_deft       │   n/a    n/a    n/a    n/a
   bw GB/s       │ 57.03  55.92  57.16  71.17

========================================================================
  MICRO BENCHMARK SUMMARY
========================================================================
  Configs tested:   192
  Valid results:    192
  Ragged wins (vs fi_tree):  186 / 192  (97%)
  Median speedup (vs fi_tree): 2.04×
  Best speedup:     6.23×  (B=16, b=6, d=4, L=4096)
  Worst speedup:    0.87×  (B=16, b=6, d=7, L=0)
  Median BW:        165.2 GB/s  (57.3% of peak 288 GB/s)

  [tree-only]  wins 58/64  median 1.33×  best 4.26× (B=4, b=24, d=12)

  [L=1024]  wins 64/64  median 1.89×  best 4.30× (B=16, b=6, d=4)

  [L=4096]  wins 64/64  median 2.86×  best 6.23× (B=16, b=6, d=4)

  N_branches scaling  (speedup vs fi_tree, per context_len):
    b=6 d=4:
      L=   0: B=4:1.45×  B=8:1.26×  B=16:1.44×  B=32:1.41×
      L=1024: B=4:4.17×  B=8:3.74×  B=16:4.30×  B=32:3.94×
      L=4096: B=4:4.42×  B=8:5.00×  B=16:6.23×  B=32:5.98×
    b=6 d=7:
      L=   0: B=4:0.95×  B=8:0.95×  B=16:0.87×  B=32:0.91×
      L=1024: B=4:2.25×  B=8:3.33×  B=16:3.36×  B=32:3.22×
      L=4096: B=4:2.99×  B=8:4.62×  B=16:4.86×  B=32:4.95×
    b=6 d=12:
      L=   0: B=4:1.75×  B=8:1.54×  B=16:1.52×  B=32:1.00×
      L=1024: B=4:2.73×  B=8:2.01×  B=16:2.16×  B=32:1.89×
      L=4096: B=4:3.78×  B=8:3.21×  B=16:3.85×  B=32:3.53×
    b=6 d=20:
      L=   0: B=4:1.33×  B=8:1.18×  B=16:1.15×  B=32:0.89×
      L=1024: B=4:1.91×  B=8:1.61×  B=16:1.43×  B=32:1.26×
      L=4096: B=4:2.85×  B=8:2.56×  B=16:2.40×  B=32:2.34×
    b=10 d=4:
      L=   0: B=4:1.11×  B=8:1.10×  B=16:1.09×  B=32:1.09×
      L=1024: B=4:2.28×  B=8:3.41×  B=16:3.41×  B=32:3.26×
      L=4096: B=4:3.00×  B=8:4.64×  B=16:4.88×  B=32:5.00×
    b=10 d=7:
      L=   0: B=4:1.75×  B=8:1.61×  B=16:1.63×  B=32:1.04×
      L=1024: B=4:2.70×  B=8:1.97×  B=16:2.14×  B=32:1.84×
      L=4096: B=4:3.79×  B=8:3.17×  B=16:3.74×  B=32:3.27×
    b=10 d=12:
      L=   0: B=4:1.50×  B=8:1.29×  B=16:1.12×  B=32:0.97×
      L=1024: B=4:1.93×  B=8:1.63×  B=16:1.45×  B=32:1.29×
      L=4096: B=4:2.86×  B=8:2.56×  B=16:2.45×  B=32:2.35×
    b=10 d=20:
      L=   0: B=4:2.76×  B=8:1.40×  B=16:1.22×  B=32:1.08×
      L=1024: B=4:2.14×  B=8:1.78×  B=16:1.54×  B=32:1.44×
      L=4096: B=4:2.83×  B=8:2.53×  B=16:2.38×  B=32:2.43×
    b=16 d=4:
      L=   0: B=4:1.11×  B=8:1.12×  B=16:1.09×  B=32:1.02×
      L=1024: B=4:2.21×  B=8:2.22×  B=16:2.17×  B=32:2.22×
      L=4096: B=4:3.01×  B=8:3.28×  B=16:3.21×  B=32:3.30×
    b=16 d=7:
      L=   0: B=4:1.48×  B=8:1.27×  B=16:1.06×  B=32:1.01×
      L=1024: B=4:2.52×  B=8:1.83×  B=16:1.64×  B=32:1.38×
      L=4096: B=4:3.95×  B=8:3.54×  B=16:3.51×  B=32:3.18×
    b=16 d=12:
      L=   0: B=4:2.84×  B=8:2.41×  B=16:1.25×  B=32:1.16×
      L=1024: B=4:2.15×  B=8:1.80×  B=16:1.58×  B=32:1.55×
      L=4096: B=4:2.82×  B=8:2.55×  B=16:2.47×  B=32:2.54×
    b=16 d=20:
      L=   0: B=4:3.93×  B=8:1.54×  B=16:1.46×  B=32:1.34×
      L=1024: B=4:1.87×  B=8:1.69×  B=16:1.49×  B=32:1.46×
      L=4096: B=4:2.41×  B=8:2.25×  B=16:2.22×  B=32:2.37×
    b=24 d=4:
      L=   0: B=4:2.00×  B=8:1.86×  B=16:1.53×  B=32:1.06×
      L=1024: B=4:2.77×  B=8:1.99×  B=16:1.75×  B=32:1.56×
      L=4096: B=4:3.65×  B=8:3.09×  B=16:3.02×  B=32:2.85×
    b=24 d=7:
      L=   0: B=4:2.87×  B=8:3.29×  B=16:1.25×  B=32:1.13×
      L=1024: B=4:2.18×  B=8:1.92×  B=16:1.70×  B=32:1.65×
      L=4096: B=4:2.78×  B=8:2.70×  B=16:2.65×  B=32:2.74×
    b=24 d=12:
      L=   0: B=4:4.26×  B=8:1.59×  B=16:1.52×  B=32:1.41×
      L=1024: B=4:1.89×  B=8:1.64×  B=16:1.54×  B=32:1.52×
      L=4096: B=4:2.42×  B=8:2.27×  B=16:2.32×  B=32:2.41×
    b=24 d=20:
      L=   0: B=4:2.02×  B=8:1.99×  B=16:1.94×  B=32:1.91×
      L=1024: B=4:1.82×  B=8:1.56×  B=16:1.51×  B=32:1.49×
      L=4096: B=4:2.15×  B=8:2.07×  B=16:2.11×  B=32:2.26×
========================================================================

